<?xml version="1.0" encoding="UTF-8"?>
<!-- Generated by org.testng.reporters.JUnitReportReporter -->
<testsuite hostname="DESKTOP-L3U3DAD" failures="0" tests="3" name="TestCases" time="7.679" errors="0" timestamp="2025-05-19T14:27:47 GMT+03:00" skipped="0">
  <testcase classname="TestCases" name="addBook" time="3.521"/>
  <system-out/>
  <testcase classname="TestCases" name="getBook" time="2.915"/>
  <system-out/>
  <testcase classname="TestCases" name="deleteBook" time="1.243"/>
  <system-out/>
</testsuite> <!-- TestCases -->
